INFO - 2024-11-12 05:01:37 --> Session: Class initialized using 'CodeIgniter\Session\Handlers\FileHandler' driver.
INFO - 2024-11-12 05:04:30 --> Session: Class initialized using 'CodeIgniter\Session\Handlers\FileHandler' driver.
INFO - 2024-11-12 05:04:47 --> Session: Class initialized using 'CodeIgniter\Session\Handlers\FileHandler' driver.
INFO - 2024-11-12 05:06:18 --> Session: Class initialized using 'CodeIgniter\Session\Handlers\FileHandler' driver.
INFO - 2024-11-12 05:06:20 --> Session: Class initialized using 'CodeIgniter\Session\Handlers\FileHandler' driver.
INFO - 2024-11-12 05:06:23 --> Session: Class initialized using 'CodeIgniter\Session\Handlers\FileHandler' driver.
INFO - 2024-11-12 05:06:36 --> Session: Class initialized using 'CodeIgniter\Session\Handlers\FileHandler' driver.
INFO - 2024-11-12 05:06:46 --> Session: Class initialized using 'CodeIgniter\Session\Handlers\FileHandler' driver.
INFO - 2024-11-12 05:06:54 --> Session: Class initialized using 'CodeIgniter\Session\Handlers\FileHandler' driver.
INFO - 2024-11-12 05:06:57 --> Session: Class initialized using 'CodeIgniter\Session\Handlers\FileHandler' driver.
INFO - 2024-11-12 05:06:59 --> Session: Class initialized using 'CodeIgniter\Session\Handlers\FileHandler' driver.
INFO - 2024-11-12 05:07:02 --> Session: Class initialized using 'CodeIgniter\Session\Handlers\FileHandler' driver.
INFO - 2024-11-12 05:07:13 --> Session: Class initialized using 'CodeIgniter\Session\Handlers\FileHandler' driver.
INFO - 2024-11-12 05:07:22 --> Session: Class initialized using 'CodeIgniter\Session\Handlers\FileHandler' driver.
INFO - 2024-11-12 06:37:40 --> Session: Class initialized using 'CodeIgniter\Session\Handlers\FileHandler' driver.
INFO - 2024-11-12 06:37:58 --> Session: Class initialized using 'CodeIgniter\Session\Handlers\FileHandler' driver.
INFO - 2024-11-12 06:38:02 --> Session: Class initialized using 'CodeIgniter\Session\Handlers\FileHandler' driver.
INFO - 2024-11-12 06:38:04 --> Session: Class initialized using 'CodeIgniter\Session\Handlers\FileHandler' driver.
INFO - 2024-11-12 06:38:06 --> Session: Class initialized using 'CodeIgniter\Session\Handlers\FileHandler' driver.
INFO - 2024-11-12 06:38:26 --> Session: Class initialized using 'CodeIgniter\Session\Handlers\FileHandler' driver.
INFO - 2024-11-12 06:42:27 --> Session: Class initialized using 'CodeIgniter\Session\Handlers\FileHandler' driver.
INFO - 2024-11-12 07:08:15 --> Session: Class initialized using 'CodeIgniter\Session\Handlers\FileHandler' driver.
INFO - 2024-11-12 07:08:17 --> Session: Class initialized using 'CodeIgniter\Session\Handlers\FileHandler' driver.
INFO - 2024-11-12 07:12:08 --> Session: Class initialized using 'CodeIgniter\Session\Handlers\FileHandler' driver.
ERROR - 2024-11-12 07:12:37 --> mysqli_sql_exception: Unknown column 'idrumah' in 'where clause' in D:\xammpp\htdocs\MBL\system\Database\MySQLi\Connection.php:312
Stack trace:
#0 D:\xammpp\htdocs\MBL\system\Database\MySQLi\Connection.php(312): mysqli->query('SELECT 1\nFROM `...', 0)
#1 D:\xammpp\htdocs\MBL\system\Database\BaseConnection.php(734): CodeIgniter\Database\MySQLi\Connection->execute('SELECT 1\nFROM `...')
#2 D:\xammpp\htdocs\MBL\system\Database\BaseConnection.php(648): CodeIgniter\Database\BaseConnection->simpleQuery('SELECT 1\nFROM `...')
#3 D:\xammpp\htdocs\MBL\system\Database\BaseBuilder.php(1644): CodeIgniter\Database\BaseConnection->query('SELECT 1\nFROM `...', Array, false)
#4 D:\xammpp\htdocs\MBL\system\Validation\StrictRules\Rules.php(232): CodeIgniter\Database\BaseBuilder->get()
#5 D:\xammpp\htdocs\MBL\system\Validation\Validation.php(339): CodeIgniter\Validation\StrictRules\Rules->is_unique('R002', 'idrumah', Array, NULL, 'id')
#6 D:\xammpp\htdocs\MBL\system\Validation\Validation.php(204): CodeIgniter\Validation\Validation->processRules('id', 'id', 'R002', Array, Array, 'id')
#7 D:\xammpp\htdocs\MBL\system\Controller.php(137): CodeIgniter\Validation\Validation->run()
#8 D:\xammpp\htdocs\MBL\app\Controllers\Rumah.php(26): CodeIgniter\Controller->validate(Array)
#9 D:\xammpp\htdocs\MBL\system\CodeIgniter.php(933): App\Controllers\Rumah->save()
#10 D:\xammpp\htdocs\MBL\system\CodeIgniter.php(509): CodeIgniter\CodeIgniter->runController(Object(App\Controllers\Rumah))
#11 D:\xammpp\htdocs\MBL\system\CodeIgniter.php(355): CodeIgniter\CodeIgniter->handleRequest(NULL, Object(Config\Cache), false)
#12 D:\xammpp\htdocs\MBL\system\Boot.php(325): CodeIgniter\CodeIgniter->run()
#13 D:\xammpp\htdocs\MBL\system\Boot.php(67): CodeIgniter\Boot::runCodeIgniter(Object(CodeIgniter\CodeIgniter))
#14 D:\xammpp\htdocs\MBL\public\index.php(56): CodeIgniter\Boot::bootWeb(Object(Config\Paths))
#15 D:\xammpp\htdocs\MBL\system\rewrite.php(44): require_once('D:\\xammpp\\htdoc...')
#16 {main}
CRITICAL - 2024-11-12 07:12:37 --> CodeIgniter\Database\Exceptions\DatabaseException: Unknown column 'idrumah' in 'where clause'
[Method: POST, Route: rumah/save]
in SYSTEMPATH\Database\BaseConnection.php on line 688.
 1 SYSTEMPATH\Database\BaseBuilder.php(1644): CodeIgniter\Database\BaseConnection->query('SELECT 1
FROM `rumah2200008`
WHERE `idrumah` = :idrumah:
 LIMIT 1', [...], false)
 2 SYSTEMPATH\Validation\StrictRules\Rules.php(232): CodeIgniter\Database\BaseBuilder->get()
 3 SYSTEMPATH\Validation\Validation.php(339): CodeIgniter\Validation\StrictRules\Rules->is_unique('R002', 'idrumah', [...], null, 'id')
 4 SYSTEMPATH\Validation\Validation.php(204): CodeIgniter\Validation\Validation->processRules('id', 'id', 'R002', [...], [...], 'id')
 5 SYSTEMPATH\Controller.php(137): CodeIgniter\Validation\Validation->run()
 6 APPPATH\Controllers\Rumah.php(26): CodeIgniter\Controller->validate([...])
 7 SYSTEMPATH\CodeIgniter.php(933): App\Controllers\Rumah->save()
 8 SYSTEMPATH\CodeIgniter.php(509): CodeIgniter\CodeIgniter->runController(Object(App\Controllers\Rumah))
 9 SYSTEMPATH\CodeIgniter.php(355): CodeIgniter\CodeIgniter->handleRequest(null, Object(Config\Cache), false)
10 SYSTEMPATH\Boot.php(325): CodeIgniter\CodeIgniter->run()
11 SYSTEMPATH\Boot.php(67): CodeIgniter\Boot::runCodeIgniter(Object(CodeIgniter\CodeIgniter))
12 FCPATH\index.php(56): CodeIgniter\Boot::bootWeb(Object(Config\Paths))
13 SYSTEMPATH\rewrite.php(44): require_once('D:\\xammpp\\htdocs\\MBL\\public\\index.php')
CRITICAL - 2024-11-12 07:12:37 --> [Caused by] CodeIgniter\Database\Exceptions\DatabaseException: Unknown column 'idrumah' in 'where clause'
in SYSTEMPATH\Database\MySQLi\Connection.php on line 317.
 1 SYSTEMPATH\Database\BaseConnection.php(734): CodeIgniter\Database\MySQLi\Connection->execute('SELECT 1
FROM `rumah2200008`
WHERE `idrumah` = \'R002\'
 LIMIT 1')
 2 SYSTEMPATH\Database\BaseConnection.php(648): CodeIgniter\Database\BaseConnection->simpleQuery('SELECT 1
FROM `rumah2200008`
WHERE `idrumah` = \'R002\'
 LIMIT 1')
 3 SYSTEMPATH\Database\BaseBuilder.php(1644): CodeIgniter\Database\BaseConnection->query('SELECT 1
FROM `rumah2200008`
WHERE `idrumah` = :idrumah:
 LIMIT 1', [...], false)
 4 SYSTEMPATH\Validation\StrictRules\Rules.php(232): CodeIgniter\Database\BaseBuilder->get()
 5 SYSTEMPATH\Validation\Validation.php(339): CodeIgniter\Validation\StrictRules\Rules->is_unique('R002', 'idrumah', [...], null, 'id')
 6 SYSTEMPATH\Validation\Validation.php(204): CodeIgniter\Validation\Validation->processRules('id', 'id', 'R002', [...], [...], 'id')
 7 SYSTEMPATH\Controller.php(137): CodeIgniter\Validation\Validation->run()
 8 APPPATH\Controllers\Rumah.php(26): CodeIgniter\Controller->validate([...])
 9 SYSTEMPATH\CodeIgniter.php(933): App\Controllers\Rumah->save()
10 SYSTEMPATH\CodeIgniter.php(509): CodeIgniter\CodeIgniter->runController(Object(App\Controllers\Rumah))
11 SYSTEMPATH\CodeIgniter.php(355): CodeIgniter\CodeIgniter->handleRequest(null, Object(Config\Cache), false)
12 SYSTEMPATH\Boot.php(325): CodeIgniter\CodeIgniter->run()
13 SYSTEMPATH\Boot.php(67): CodeIgniter\Boot::runCodeIgniter(Object(CodeIgniter\CodeIgniter))
14 FCPATH\index.php(56): CodeIgniter\Boot::bootWeb(Object(Config\Paths))
15 SYSTEMPATH\rewrite.php(44): require_once('D:\\xammpp\\htdocs\\MBL\\public\\index.php')
CRITICAL - 2024-11-12 07:12:37 --> [Caused by] mysqli_sql_exception: Unknown column 'idrumah' in 'where clause'
in SYSTEMPATH\Database\MySQLi\Connection.php on line 312.
 1 SYSTEMPATH\Database\MySQLi\Connection.php(312): mysqli->query('SELECT 1
FROM `rumah2200008`
WHERE `idrumah` = \'R002\'
 LIMIT 1', 0)
 2 SYSTEMPATH\Database\BaseConnection.php(734): CodeIgniter\Database\MySQLi\Connection->execute('SELECT 1
FROM `rumah2200008`
WHERE `idrumah` = \'R002\'
 LIMIT 1')
 3 SYSTEMPATH\Database\BaseConnection.php(648): CodeIgniter\Database\BaseConnection->simpleQuery('SELECT 1
FROM `rumah2200008`
WHERE `idrumah` = \'R002\'
 LIMIT 1')
 4 SYSTEMPATH\Database\BaseBuilder.php(1644): CodeIgniter\Database\BaseConnection->query('SELECT 1
FROM `rumah2200008`
WHERE `idrumah` = :idrumah:
 LIMIT 1', [...], false)
 5 SYSTEMPATH\Validation\StrictRules\Rules.php(232): CodeIgniter\Database\BaseBuilder->get()
 6 SYSTEMPATH\Validation\Validation.php(339): CodeIgniter\Validation\StrictRules\Rules->is_unique('R002', 'idrumah', [...], null, 'id')
 7 SYSTEMPATH\Validation\Validation.php(204): CodeIgniter\Validation\Validation->processRules('id', 'id', 'R002', [...], [...], 'id')
 8 SYSTEMPATH\Controller.php(137): CodeIgniter\Validation\Validation->run()
 9 APPPATH\Controllers\Rumah.php(26): CodeIgniter\Controller->validate([...])
10 SYSTEMPATH\CodeIgniter.php(933): App\Controllers\Rumah->save()
11 SYSTEMPATH\CodeIgniter.php(509): CodeIgniter\CodeIgniter->runController(Object(App\Controllers\Rumah))
12 SYSTEMPATH\CodeIgniter.php(355): CodeIgniter\CodeIgniter->handleRequest(null, Object(Config\Cache), false)
13 SYSTEMPATH\Boot.php(325): CodeIgniter\CodeIgniter->run()
14 SYSTEMPATH\Boot.php(67): CodeIgniter\Boot::runCodeIgniter(Object(CodeIgniter\CodeIgniter))
15 FCPATH\index.php(56): CodeIgniter\Boot::bootWeb(Object(Config\Paths))
16 SYSTEMPATH\rewrite.php(44): require_once('D:\\xammpp\\htdocs\\MBL\\public\\index.php')
ERROR - 2024-11-12 07:13:28 --> mysqli_sql_exception: Unknown column 'idrumah' in 'where clause' in D:\xammpp\htdocs\MBL\system\Database\MySQLi\Connection.php:312
Stack trace:
#0 D:\xammpp\htdocs\MBL\system\Database\MySQLi\Connection.php(312): mysqli->query('SELECT 1\nFROM `...', 0)
#1 D:\xammpp\htdocs\MBL\system\Database\BaseConnection.php(734): CodeIgniter\Database\MySQLi\Connection->execute('SELECT 1\nFROM `...')
#2 D:\xammpp\htdocs\MBL\system\Database\BaseConnection.php(648): CodeIgniter\Database\BaseConnection->simpleQuery('SELECT 1\nFROM `...')
#3 D:\xammpp\htdocs\MBL\system\Database\BaseBuilder.php(1644): CodeIgniter\Database\BaseConnection->query('SELECT 1\nFROM `...', Array, false)
#4 D:\xammpp\htdocs\MBL\system\Validation\StrictRules\Rules.php(232): CodeIgniter\Database\BaseBuilder->get()
#5 D:\xammpp\htdocs\MBL\system\Validation\Validation.php(339): CodeIgniter\Validation\StrictRules\Rules->is_unique('R002', 'idrumah', Array, NULL, 'id')
#6 D:\xammpp\htdocs\MBL\system\Validation\Validation.php(204): CodeIgniter\Validation\Validation->processRules('id', 'id', 'R002', Array, Array, 'id')
#7 D:\xammpp\htdocs\MBL\system\Controller.php(137): CodeIgniter\Validation\Validation->run()
#8 D:\xammpp\htdocs\MBL\app\Controllers\Rumah.php(26): CodeIgniter\Controller->validate(Array)
#9 D:\xammpp\htdocs\MBL\system\CodeIgniter.php(933): App\Controllers\Rumah->save()
#10 D:\xammpp\htdocs\MBL\system\CodeIgniter.php(509): CodeIgniter\CodeIgniter->runController(Object(App\Controllers\Rumah))
#11 D:\xammpp\htdocs\MBL\system\CodeIgniter.php(355): CodeIgniter\CodeIgniter->handleRequest(NULL, Object(Config\Cache), false)
#12 D:\xammpp\htdocs\MBL\system\Boot.php(325): CodeIgniter\CodeIgniter->run()
#13 D:\xammpp\htdocs\MBL\system\Boot.php(67): CodeIgniter\Boot::runCodeIgniter(Object(CodeIgniter\CodeIgniter))
#14 D:\xammpp\htdocs\MBL\public\index.php(56): CodeIgniter\Boot::bootWeb(Object(Config\Paths))
#15 D:\xammpp\htdocs\MBL\system\rewrite.php(44): require_once('D:\\xammpp\\htdoc...')
#16 {main}
CRITICAL - 2024-11-12 07:13:28 --> CodeIgniter\Database\Exceptions\DatabaseException: Unknown column 'idrumah' in 'where clause'
[Method: POST, Route: rumah/save]
in SYSTEMPATH\Database\BaseConnection.php on line 688.
 1 SYSTEMPATH\Database\BaseBuilder.php(1644): CodeIgniter\Database\BaseConnection->query('SELECT 1
FROM `rumah2200008`
WHERE `idrumah` = :idrumah:
 LIMIT 1', [...], false)
 2 SYSTEMPATH\Validation\StrictRules\Rules.php(232): CodeIgniter\Database\BaseBuilder->get()
 3 SYSTEMPATH\Validation\Validation.php(339): CodeIgniter\Validation\StrictRules\Rules->is_unique('R002', 'idrumah', [...], null, 'id')
 4 SYSTEMPATH\Validation\Validation.php(204): CodeIgniter\Validation\Validation->processRules('id', 'id', 'R002', [...], [...], 'id')
 5 SYSTEMPATH\Controller.php(137): CodeIgniter\Validation\Validation->run()
 6 APPPATH\Controllers\Rumah.php(26): CodeIgniter\Controller->validate([...])
 7 SYSTEMPATH\CodeIgniter.php(933): App\Controllers\Rumah->save()
 8 SYSTEMPATH\CodeIgniter.php(509): CodeIgniter\CodeIgniter->runController(Object(App\Controllers\Rumah))
 9 SYSTEMPATH\CodeIgniter.php(355): CodeIgniter\CodeIgniter->handleRequest(null, Object(Config\Cache), false)
10 SYSTEMPATH\Boot.php(325): CodeIgniter\CodeIgniter->run()
11 SYSTEMPATH\Boot.php(67): CodeIgniter\Boot::runCodeIgniter(Object(CodeIgniter\CodeIgniter))
12 FCPATH\index.php(56): CodeIgniter\Boot::bootWeb(Object(Config\Paths))
13 SYSTEMPATH\rewrite.php(44): require_once('D:\\xammpp\\htdocs\\MBL\\public\\index.php')
CRITICAL - 2024-11-12 07:13:28 --> [Caused by] CodeIgniter\Database\Exceptions\DatabaseException: Unknown column 'idrumah' in 'where clause'
in SYSTEMPATH\Database\MySQLi\Connection.php on line 317.
 1 SYSTEMPATH\Database\BaseConnection.php(734): CodeIgniter\Database\MySQLi\Connection->execute('SELECT 1
FROM `rumah2200008`
WHERE `idrumah` = \'R002\'
 LIMIT 1')
 2 SYSTEMPATH\Database\BaseConnection.php(648): CodeIgniter\Database\BaseConnection->simpleQuery('SELECT 1
FROM `rumah2200008`
WHERE `idrumah` = \'R002\'
 LIMIT 1')
 3 SYSTEMPATH\Database\BaseBuilder.php(1644): CodeIgniter\Database\BaseConnection->query('SELECT 1
FROM `rumah2200008`
WHERE `idrumah` = :idrumah:
 LIMIT 1', [...], false)
 4 SYSTEMPATH\Validation\StrictRules\Rules.php(232): CodeIgniter\Database\BaseBuilder->get()
 5 SYSTEMPATH\Validation\Validation.php(339): CodeIgniter\Validation\StrictRules\Rules->is_unique('R002', 'idrumah', [...], null, 'id')
 6 SYSTEMPATH\Validation\Validation.php(204): CodeIgniter\Validation\Validation->processRules('id', 'id', 'R002', [...], [...], 'id')
 7 SYSTEMPATH\Controller.php(137): CodeIgniter\Validation\Validation->run()
 8 APPPATH\Controllers\Rumah.php(26): CodeIgniter\Controller->validate([...])
 9 SYSTEMPATH\CodeIgniter.php(933): App\Controllers\Rumah->save()
10 SYSTEMPATH\CodeIgniter.php(509): CodeIgniter\CodeIgniter->runController(Object(App\Controllers\Rumah))
11 SYSTEMPATH\CodeIgniter.php(355): CodeIgniter\CodeIgniter->handleRequest(null, Object(Config\Cache), false)
12 SYSTEMPATH\Boot.php(325): CodeIgniter\CodeIgniter->run()
13 SYSTEMPATH\Boot.php(67): CodeIgniter\Boot::runCodeIgniter(Object(CodeIgniter\CodeIgniter))
14 FCPATH\index.php(56): CodeIgniter\Boot::bootWeb(Object(Config\Paths))
15 SYSTEMPATH\rewrite.php(44): require_once('D:\\xammpp\\htdocs\\MBL\\public\\index.php')
CRITICAL - 2024-11-12 07:13:28 --> [Caused by] mysqli_sql_exception: Unknown column 'idrumah' in 'where clause'
in SYSTEMPATH\Database\MySQLi\Connection.php on line 312.
 1 SYSTEMPATH\Database\MySQLi\Connection.php(312): mysqli->query('SELECT 1
FROM `rumah2200008`
WHERE `idrumah` = \'R002\'
 LIMIT 1', 0)
 2 SYSTEMPATH\Database\BaseConnection.php(734): CodeIgniter\Database\MySQLi\Connection->execute('SELECT 1
FROM `rumah2200008`
WHERE `idrumah` = \'R002\'
 LIMIT 1')
 3 SYSTEMPATH\Database\BaseConnection.php(648): CodeIgniter\Database\BaseConnection->simpleQuery('SELECT 1
FROM `rumah2200008`
WHERE `idrumah` = \'R002\'
 LIMIT 1')
 4 SYSTEMPATH\Database\BaseBuilder.php(1644): CodeIgniter\Database\BaseConnection->query('SELECT 1
FROM `rumah2200008`
WHERE `idrumah` = :idrumah:
 LIMIT 1', [...], false)
 5 SYSTEMPATH\Validation\StrictRules\Rules.php(232): CodeIgniter\Database\BaseBuilder->get()
 6 SYSTEMPATH\Validation\Validation.php(339): CodeIgniter\Validation\StrictRules\Rules->is_unique('R002', 'idrumah', [...], null, 'id')
 7 SYSTEMPATH\Validation\Validation.php(204): CodeIgniter\Validation\Validation->processRules('id', 'id', 'R002', [...], [...], 'id')
 8 SYSTEMPATH\Controller.php(137): CodeIgniter\Validation\Validation->run()
 9 APPPATH\Controllers\Rumah.php(26): CodeIgniter\Controller->validate([...])
10 SYSTEMPATH\CodeIgniter.php(933): App\Controllers\Rumah->save()
11 SYSTEMPATH\CodeIgniter.php(509): CodeIgniter\CodeIgniter->runController(Object(App\Controllers\Rumah))
12 SYSTEMPATH\CodeIgniter.php(355): CodeIgniter\CodeIgniter->handleRequest(null, Object(Config\Cache), false)
13 SYSTEMPATH\Boot.php(325): CodeIgniter\CodeIgniter->run()
14 SYSTEMPATH\Boot.php(67): CodeIgniter\Boot::runCodeIgniter(Object(CodeIgniter\CodeIgniter))
15 FCPATH\index.php(56): CodeIgniter\Boot::bootWeb(Object(Config\Paths))
16 SYSTEMPATH\rewrite.php(44): require_once('D:\\xammpp\\htdocs\\MBL\\public\\index.php')
INFO - 2024-11-12 07:13:32 --> Session: Class initialized using 'CodeIgniter\Session\Handlers\FileHandler' driver.
INFO - 2024-11-12 07:13:34 --> Session: Class initialized using 'CodeIgniter\Session\Handlers\FileHandler' driver.
ERROR - 2024-11-12 07:13:39 --> mysqli_sql_exception: Unknown column 'idrumah' in 'where clause' in D:\xammpp\htdocs\MBL\system\Database\MySQLi\Connection.php:312
Stack trace:
#0 D:\xammpp\htdocs\MBL\system\Database\MySQLi\Connection.php(312): mysqli->query('SELECT 1\nFROM `...', 0)
#1 D:\xammpp\htdocs\MBL\system\Database\BaseConnection.php(734): CodeIgniter\Database\MySQLi\Connection->execute('SELECT 1\nFROM `...')
#2 D:\xammpp\htdocs\MBL\system\Database\BaseConnection.php(648): CodeIgniter\Database\BaseConnection->simpleQuery('SELECT 1\nFROM `...')
#3 D:\xammpp\htdocs\MBL\system\Database\BaseBuilder.php(1644): CodeIgniter\Database\BaseConnection->query('SELECT 1\nFROM `...', Array, false)
#4 D:\xammpp\htdocs\MBL\system\Validation\StrictRules\Rules.php(232): CodeIgniter\Database\BaseBuilder->get()
#5 D:\xammpp\htdocs\MBL\system\Validation\Validation.php(339): CodeIgniter\Validation\StrictRules\Rules->is_unique('R002', 'idrumah', Array, NULL, 'id')
#6 D:\xammpp\htdocs\MBL\system\Validation\Validation.php(204): CodeIgniter\Validation\Validation->processRules('id', 'id', 'R002', Array, Array, 'id')
#7 D:\xammpp\htdocs\MBL\system\Controller.php(137): CodeIgniter\Validation\Validation->run()
#8 D:\xammpp\htdocs\MBL\app\Controllers\Rumah.php(26): CodeIgniter\Controller->validate(Array)
#9 D:\xammpp\htdocs\MBL\system\CodeIgniter.php(933): App\Controllers\Rumah->save()
#10 D:\xammpp\htdocs\MBL\system\CodeIgniter.php(509): CodeIgniter\CodeIgniter->runController(Object(App\Controllers\Rumah))
#11 D:\xammpp\htdocs\MBL\system\CodeIgniter.php(355): CodeIgniter\CodeIgniter->handleRequest(NULL, Object(Config\Cache), false)
#12 D:\xammpp\htdocs\MBL\system\Boot.php(325): CodeIgniter\CodeIgniter->run()
#13 D:\xammpp\htdocs\MBL\system\Boot.php(67): CodeIgniter\Boot::runCodeIgniter(Object(CodeIgniter\CodeIgniter))
#14 D:\xammpp\htdocs\MBL\public\index.php(56): CodeIgniter\Boot::bootWeb(Object(Config\Paths))
#15 D:\xammpp\htdocs\MBL\system\rewrite.php(44): require_once('D:\\xammpp\\htdoc...')
#16 {main}
CRITICAL - 2024-11-12 07:13:39 --> CodeIgniter\Database\Exceptions\DatabaseException: Unknown column 'idrumah' in 'where clause'
[Method: POST, Route: rumah/save]
in SYSTEMPATH\Database\BaseConnection.php on line 688.
 1 SYSTEMPATH\Database\BaseBuilder.php(1644): CodeIgniter\Database\BaseConnection->query('SELECT 1
FROM `rumah2200008`
WHERE `idrumah` = :idrumah:
 LIMIT 1', [...], false)
 2 SYSTEMPATH\Validation\StrictRules\Rules.php(232): CodeIgniter\Database\BaseBuilder->get()
 3 SYSTEMPATH\Validation\Validation.php(339): CodeIgniter\Validation\StrictRules\Rules->is_unique('R002', 'idrumah', [...], null, 'id')
 4 SYSTEMPATH\Validation\Validation.php(204): CodeIgniter\Validation\Validation->processRules('id', 'id', 'R002', [...], [...], 'id')
 5 SYSTEMPATH\Controller.php(137): CodeIgniter\Validation\Validation->run()
 6 APPPATH\Controllers\Rumah.php(26): CodeIgniter\Controller->validate([...])
 7 SYSTEMPATH\CodeIgniter.php(933): App\Controllers\Rumah->save()
 8 SYSTEMPATH\CodeIgniter.php(509): CodeIgniter\CodeIgniter->runController(Object(App\Controllers\Rumah))
 9 SYSTEMPATH\CodeIgniter.php(355): CodeIgniter\CodeIgniter->handleRequest(null, Object(Config\Cache), false)
10 SYSTEMPATH\Boot.php(325): CodeIgniter\CodeIgniter->run()
11 SYSTEMPATH\Boot.php(67): CodeIgniter\Boot::runCodeIgniter(Object(CodeIgniter\CodeIgniter))
12 FCPATH\index.php(56): CodeIgniter\Boot::bootWeb(Object(Config\Paths))
13 SYSTEMPATH\rewrite.php(44): require_once('D:\\xammpp\\htdocs\\MBL\\public\\index.php')
CRITICAL - 2024-11-12 07:13:39 --> [Caused by] CodeIgniter\Database\Exceptions\DatabaseException: Unknown column 'idrumah' in 'where clause'
in SYSTEMPATH\Database\MySQLi\Connection.php on line 317.
 1 SYSTEMPATH\Database\BaseConnection.php(734): CodeIgniter\Database\MySQLi\Connection->execute('SELECT 1
FROM `rumah2200008`
WHERE `idrumah` = \'R002\'
 LIMIT 1')
 2 SYSTEMPATH\Database\BaseConnection.php(648): CodeIgniter\Database\BaseConnection->simpleQuery('SELECT 1
FROM `rumah2200008`
WHERE `idrumah` = \'R002\'
 LIMIT 1')
 3 SYSTEMPATH\Database\BaseBuilder.php(1644): CodeIgniter\Database\BaseConnection->query('SELECT 1
FROM `rumah2200008`
WHERE `idrumah` = :idrumah:
 LIMIT 1', [...], false)
 4 SYSTEMPATH\Validation\StrictRules\Rules.php(232): CodeIgniter\Database\BaseBuilder->get()
 5 SYSTEMPATH\Validation\Validation.php(339): CodeIgniter\Validation\StrictRules\Rules->is_unique('R002', 'idrumah', [...], null, 'id')
 6 SYSTEMPATH\Validation\Validation.php(204): CodeIgniter\Validation\Validation->processRules('id', 'id', 'R002', [...], [...], 'id')
 7 SYSTEMPATH\Controller.php(137): CodeIgniter\Validation\Validation->run()
 8 APPPATH\Controllers\Rumah.php(26): CodeIgniter\Controller->validate([...])
 9 SYSTEMPATH\CodeIgniter.php(933): App\Controllers\Rumah->save()
10 SYSTEMPATH\CodeIgniter.php(509): CodeIgniter\CodeIgniter->runController(Object(App\Controllers\Rumah))
11 SYSTEMPATH\CodeIgniter.php(355): CodeIgniter\CodeIgniter->handleRequest(null, Object(Config\Cache), false)
12 SYSTEMPATH\Boot.php(325): CodeIgniter\CodeIgniter->run()
13 SYSTEMPATH\Boot.php(67): CodeIgniter\Boot::runCodeIgniter(Object(CodeIgniter\CodeIgniter))
14 FCPATH\index.php(56): CodeIgniter\Boot::bootWeb(Object(Config\Paths))
15 SYSTEMPATH\rewrite.php(44): require_once('D:\\xammpp\\htdocs\\MBL\\public\\index.php')
CRITICAL - 2024-11-12 07:13:39 --> [Caused by] mysqli_sql_exception: Unknown column 'idrumah' in 'where clause'
in SYSTEMPATH\Database\MySQLi\Connection.php on line 312.
 1 SYSTEMPATH\Database\MySQLi\Connection.php(312): mysqli->query('SELECT 1
FROM `rumah2200008`
WHERE `idrumah` = \'R002\'
 LIMIT 1', 0)
 2 SYSTEMPATH\Database\BaseConnection.php(734): CodeIgniter\Database\MySQLi\Connection->execute('SELECT 1
FROM `rumah2200008`
WHERE `idrumah` = \'R002\'
 LIMIT 1')
 3 SYSTEMPATH\Database\BaseConnection.php(648): CodeIgniter\Database\BaseConnection->simpleQuery('SELECT 1
FROM `rumah2200008`
WHERE `idrumah` = \'R002\'
 LIMIT 1')
 4 SYSTEMPATH\Database\BaseBuilder.php(1644): CodeIgniter\Database\BaseConnection->query('SELECT 1
FROM `rumah2200008`
WHERE `idrumah` = :idrumah:
 LIMIT 1', [...], false)
 5 SYSTEMPATH\Validation\StrictRules\Rules.php(232): CodeIgniter\Database\BaseBuilder->get()
 6 SYSTEMPATH\Validation\Validation.php(339): CodeIgniter\Validation\StrictRules\Rules->is_unique('R002', 'idrumah', [...], null, 'id')
 7 SYSTEMPATH\Validation\Validation.php(204): CodeIgniter\Validation\Validation->processRules('id', 'id', 'R002', [...], [...], 'id')
 8 SYSTEMPATH\Controller.php(137): CodeIgniter\Validation\Validation->run()
 9 APPPATH\Controllers\Rumah.php(26): CodeIgniter\Controller->validate([...])
10 SYSTEMPATH\CodeIgniter.php(933): App\Controllers\Rumah->save()
11 SYSTEMPATH\CodeIgniter.php(509): CodeIgniter\CodeIgniter->runController(Object(App\Controllers\Rumah))
12 SYSTEMPATH\CodeIgniter.php(355): CodeIgniter\CodeIgniter->handleRequest(null, Object(Config\Cache), false)
13 SYSTEMPATH\Boot.php(325): CodeIgniter\CodeIgniter->run()
14 SYSTEMPATH\Boot.php(67): CodeIgniter\Boot::runCodeIgniter(Object(CodeIgniter\CodeIgniter))
15 FCPATH\index.php(56): CodeIgniter\Boot::bootWeb(Object(Config\Paths))
16 SYSTEMPATH\rewrite.php(44): require_once('D:\\xammpp\\htdocs\\MBL\\public\\index.php')
ERROR - 2024-11-12 07:14:10 --> mysqli_sql_exception: Column 'idrumah2200008' cannot be null in D:\xammpp\htdocs\MBL\system\Database\MySQLi\Connection.php:312
Stack trace:
#0 D:\xammpp\htdocs\MBL\system\Database\MySQLi\Connection.php(312): mysqli->query('INSERT INTO `ru...', 0)
#1 D:\xammpp\htdocs\MBL\system\Database\BaseConnection.php(734): CodeIgniter\Database\MySQLi\Connection->execute('INSERT INTO `ru...')
#2 D:\xammpp\htdocs\MBL\system\Database\BaseConnection.php(648): CodeIgniter\Database\BaseConnection->simpleQuery('INSERT INTO `ru...')
#3 D:\xammpp\htdocs\MBL\system\Database\BaseBuilder.php(2340): CodeIgniter\Database\BaseConnection->query('INSERT INTO `ru...', Array, false)
#4 D:\xammpp\htdocs\MBL\app\Models\ModelRumah.php(17): CodeIgniter\Database\BaseBuilder->insert(Array)
#5 D:\xammpp\htdocs\MBL\app\Controllers\Rumah.php(41): App\Models\ModelRumah->insertData(Array)
#6 D:\xammpp\htdocs\MBL\system\CodeIgniter.php(933): App\Controllers\Rumah->save()
#7 D:\xammpp\htdocs\MBL\system\CodeIgniter.php(509): CodeIgniter\CodeIgniter->runController(Object(App\Controllers\Rumah))
#8 D:\xammpp\htdocs\MBL\system\CodeIgniter.php(355): CodeIgniter\CodeIgniter->handleRequest(NULL, Object(Config\Cache), false)
#9 D:\xammpp\htdocs\MBL\system\Boot.php(325): CodeIgniter\CodeIgniter->run()
#10 D:\xammpp\htdocs\MBL\system\Boot.php(67): CodeIgniter\Boot::runCodeIgniter(Object(CodeIgniter\CodeIgniter))
#11 D:\xammpp\htdocs\MBL\public\index.php(56): CodeIgniter\Boot::bootWeb(Object(Config\Paths))
#12 D:\xammpp\htdocs\MBL\system\rewrite.php(44): require_once('D:\\xammpp\\htdoc...')
#13 {main}
CRITICAL - 2024-11-12 07:14:10 --> CodeIgniter\Database\Exceptions\DatabaseException: Column 'idrumah2200008' cannot be null
[Method: POST, Route: rumah/save]
in SYSTEMPATH\Database\BaseConnection.php on line 688.
 1 SYSTEMPATH\Database\BaseBuilder.php(2340): CodeIgniter\Database\BaseConnection->query('INSERT INTO `rumah2200008` (`idrumah2200008`, `alamatrumah2200008`, `type2200008`, `harga2200008`, `fasilitas2200008`) VALUES (:idrumah2200008:, :alamatrumah2200008:, :type2200008:, :harga2200008:, :fasilitas2200008:)', [...], false)
 2 APPPATH\Models\ModelRumah.php(17): CodeIgniter\Database\BaseBuilder->insert([...])
 3 APPPATH\Controllers\Rumah.php(41): App\Models\ModelRumah->insertData([...])
 4 SYSTEMPATH\CodeIgniter.php(933): App\Controllers\Rumah->save()
 5 SYSTEMPATH\CodeIgniter.php(509): CodeIgniter\CodeIgniter->runController(Object(App\Controllers\Rumah))
 6 SYSTEMPATH\CodeIgniter.php(355): CodeIgniter\CodeIgniter->handleRequest(null, Object(Config\Cache), false)
 7 SYSTEMPATH\Boot.php(325): CodeIgniter\CodeIgniter->run()
 8 SYSTEMPATH\Boot.php(67): CodeIgniter\Boot::runCodeIgniter(Object(CodeIgniter\CodeIgniter))
 9 FCPATH\index.php(56): CodeIgniter\Boot::bootWeb(Object(Config\Paths))
10 SYSTEMPATH\rewrite.php(44): require_once('D:\\xammpp\\htdocs\\MBL\\public\\index.php')
CRITICAL - 2024-11-12 07:14:10 --> [Caused by] CodeIgniter\Database\Exceptions\DatabaseException: Column 'idrumah2200008' cannot be null
in SYSTEMPATH\Database\MySQLi\Connection.php on line 317.
 1 SYSTEMPATH\Database\BaseConnection.php(734): CodeIgniter\Database\MySQLi\Connection->execute('INSERT INTO `rumah2200008` (`idrumah2200008`, `alamatrumah2200008`, `type2200008`, `harga2200008`, `fasilitas2200008`) VALUES (NULL, \'Jl.Mutiara Sandi\', \'C\', \'35000000\', \'Kamar 1\')')
 2 SYSTEMPATH\Database\BaseConnection.php(648): CodeIgniter\Database\BaseConnection->simpleQuery('INSERT INTO `rumah2200008` (`idrumah2200008`, `alamatrumah2200008`, `type2200008`, `harga2200008`, `fasilitas2200008`) VALUES (NULL, \'Jl.Mutiara Sandi\', \'C\', \'35000000\', \'Kamar 1\')')
 3 SYSTEMPATH\Database\BaseBuilder.php(2340): CodeIgniter\Database\BaseConnection->query('INSERT INTO `rumah2200008` (`idrumah2200008`, `alamatrumah2200008`, `type2200008`, `harga2200008`, `fasilitas2200008`) VALUES (:idrumah2200008:, :alamatrumah2200008:, :type2200008:, :harga2200008:, :fasilitas2200008:)', [...], false)
 4 APPPATH\Models\ModelRumah.php(17): CodeIgniter\Database\BaseBuilder->insert([...])
 5 APPPATH\Controllers\Rumah.php(41): App\Models\ModelRumah->insertData([...])
 6 SYSTEMPATH\CodeIgniter.php(933): App\Controllers\Rumah->save()
 7 SYSTEMPATH\CodeIgniter.php(509): CodeIgniter\CodeIgniter->runController(Object(App\Controllers\Rumah))
 8 SYSTEMPATH\CodeIgniter.php(355): CodeIgniter\CodeIgniter->handleRequest(null, Object(Config\Cache), false)
 9 SYSTEMPATH\Boot.php(325): CodeIgniter\CodeIgniter->run()
10 SYSTEMPATH\Boot.php(67): CodeIgniter\Boot::runCodeIgniter(Object(CodeIgniter\CodeIgniter))
11 FCPATH\index.php(56): CodeIgniter\Boot::bootWeb(Object(Config\Paths))
12 SYSTEMPATH\rewrite.php(44): require_once('D:\\xammpp\\htdocs\\MBL\\public\\index.php')
CRITICAL - 2024-11-12 07:14:10 --> [Caused by] mysqli_sql_exception: Column 'idrumah2200008' cannot be null
in SYSTEMPATH\Database\MySQLi\Connection.php on line 312.
 1 SYSTEMPATH\Database\MySQLi\Connection.php(312): mysqli->query('INSERT INTO `rumah2200008` (`idrumah2200008`, `alamatrumah2200008`, `type2200008`, `harga2200008`, `fasilitas2200008`) VALUES (NULL, \'Jl.Mutiara Sandi\', \'C\', \'35000000\', \'Kamar 1\')', 0)
 2 SYSTEMPATH\Database\BaseConnection.php(734): CodeIgniter\Database\MySQLi\Connection->execute('INSERT INTO `rumah2200008` (`idrumah2200008`, `alamatrumah2200008`, `type2200008`, `harga2200008`, `fasilitas2200008`) VALUES (NULL, \'Jl.Mutiara Sandi\', \'C\', \'35000000\', \'Kamar 1\')')
 3 SYSTEMPATH\Database\BaseConnection.php(648): CodeIgniter\Database\BaseConnection->simpleQuery('INSERT INTO `rumah2200008` (`idrumah2200008`, `alamatrumah2200008`, `type2200008`, `harga2200008`, `fasilitas2200008`) VALUES (NULL, \'Jl.Mutiara Sandi\', \'C\', \'35000000\', \'Kamar 1\')')
 4 SYSTEMPATH\Database\BaseBuilder.php(2340): CodeIgniter\Database\BaseConnection->query('INSERT INTO `rumah2200008` (`idrumah2200008`, `alamatrumah2200008`, `type2200008`, `harga2200008`, `fasilitas2200008`) VALUES (:idrumah2200008:, :alamatrumah2200008:, :type2200008:, :harga2200008:, :fasilitas2200008:)', [...], false)
 5 APPPATH\Models\ModelRumah.php(17): CodeIgniter\Database\BaseBuilder->insert([...])
 6 APPPATH\Controllers\Rumah.php(41): App\Models\ModelRumah->insertData([...])
 7 SYSTEMPATH\CodeIgniter.php(933): App\Controllers\Rumah->save()
 8 SYSTEMPATH\CodeIgniter.php(509): CodeIgniter\CodeIgniter->runController(Object(App\Controllers\Rumah))
 9 SYSTEMPATH\CodeIgniter.php(355): CodeIgniter\CodeIgniter->handleRequest(null, Object(Config\Cache), false)
10 SYSTEMPATH\Boot.php(325): CodeIgniter\CodeIgniter->run()
11 SYSTEMPATH\Boot.php(67): CodeIgniter\Boot::runCodeIgniter(Object(CodeIgniter\CodeIgniter))
12 FCPATH\index.php(56): CodeIgniter\Boot::bootWeb(Object(Config\Paths))
13 SYSTEMPATH\rewrite.php(44): require_once('D:\\xammpp\\htdocs\\MBL\\public\\index.php')
ERROR - 2024-11-12 07:17:23 --> mysqli_sql_exception: Column 'idrumah2200008' cannot be null in D:\xammpp\htdocs\MBL\system\Database\MySQLi\Connection.php:312
Stack trace:
#0 D:\xammpp\htdocs\MBL\system\Database\MySQLi\Connection.php(312): mysqli->query('INSERT INTO `ru...', 0)
#1 D:\xammpp\htdocs\MBL\system\Database\BaseConnection.php(734): CodeIgniter\Database\MySQLi\Connection->execute('INSERT INTO `ru...')
#2 D:\xammpp\htdocs\MBL\system\Database\BaseConnection.php(648): CodeIgniter\Database\BaseConnection->simpleQuery('INSERT INTO `ru...')
#3 D:\xammpp\htdocs\MBL\system\Database\BaseBuilder.php(2340): CodeIgniter\Database\BaseConnection->query('INSERT INTO `ru...', Array, false)
#4 D:\xammpp\htdocs\MBL\app\Models\ModelRumah.php(17): CodeIgniter\Database\BaseBuilder->insert(Array)
#5 D:\xammpp\htdocs\MBL\app\Controllers\Rumah.php(41): App\Models\ModelRumah->insertData(Array)
#6 D:\xammpp\htdocs\MBL\system\CodeIgniter.php(933): App\Controllers\Rumah->save()
#7 D:\xammpp\htdocs\MBL\system\CodeIgniter.php(509): CodeIgniter\CodeIgniter->runController(Object(App\Controllers\Rumah))
#8 D:\xammpp\htdocs\MBL\system\CodeIgniter.php(355): CodeIgniter\CodeIgniter->handleRequest(NULL, Object(Config\Cache), false)
#9 D:\xammpp\htdocs\MBL\system\Boot.php(325): CodeIgniter\CodeIgniter->run()
#10 D:\xammpp\htdocs\MBL\system\Boot.php(67): CodeIgniter\Boot::runCodeIgniter(Object(CodeIgniter\CodeIgniter))
#11 D:\xammpp\htdocs\MBL\public\index.php(56): CodeIgniter\Boot::bootWeb(Object(Config\Paths))
#12 D:\xammpp\htdocs\MBL\system\rewrite.php(44): require_once('D:\\xammpp\\htdoc...')
#13 {main}
CRITICAL - 2024-11-12 07:17:23 --> CodeIgniter\Database\Exceptions\DatabaseException: Column 'idrumah2200008' cannot be null
[Method: POST, Route: rumah/save]
in SYSTEMPATH\Database\BaseConnection.php on line 688.
 1 SYSTEMPATH\Database\BaseBuilder.php(2340): CodeIgniter\Database\BaseConnection->query('INSERT INTO `rumah2200008` (`idrumah2200008`, `alamatrumah2200008`, `type2200008`, `harga2200008`, `fasilitas2200008`) VALUES (:idrumah2200008:, :alamatrumah2200008:, :type2200008:, :harga2200008:, :fasilitas2200008:)', [...], false)
 2 APPPATH\Models\ModelRumah.php(17): CodeIgniter\Database\BaseBuilder->insert([...])
 3 APPPATH\Controllers\Rumah.php(41): App\Models\ModelRumah->insertData([...])
 4 SYSTEMPATH\CodeIgniter.php(933): App\Controllers\Rumah->save()
 5 SYSTEMPATH\CodeIgniter.php(509): CodeIgniter\CodeIgniter->runController(Object(App\Controllers\Rumah))
 6 SYSTEMPATH\CodeIgniter.php(355): CodeIgniter\CodeIgniter->handleRequest(null, Object(Config\Cache), false)
 7 SYSTEMPATH\Boot.php(325): CodeIgniter\CodeIgniter->run()
 8 SYSTEMPATH\Boot.php(67): CodeIgniter\Boot::runCodeIgniter(Object(CodeIgniter\CodeIgniter))
 9 FCPATH\index.php(56): CodeIgniter\Boot::bootWeb(Object(Config\Paths))
10 SYSTEMPATH\rewrite.php(44): require_once('D:\\xammpp\\htdocs\\MBL\\public\\index.php')
CRITICAL - 2024-11-12 07:17:23 --> [Caused by] CodeIgniter\Database\Exceptions\DatabaseException: Column 'idrumah2200008' cannot be null
in SYSTEMPATH\Database\MySQLi\Connection.php on line 317.
 1 SYSTEMPATH\Database\BaseConnection.php(734): CodeIgniter\Database\MySQLi\Connection->execute('INSERT INTO `rumah2200008` (`idrumah2200008`, `alamatrumah2200008`, `type2200008`, `harga2200008`, `fasilitas2200008`) VALUES (NULL, \'Jl.Mutiara Sandi\', \'C\', \'35000000\', \'Kamar 1\')')
 2 SYSTEMPATH\Database\BaseConnection.php(648): CodeIgniter\Database\BaseConnection->simpleQuery('INSERT INTO `rumah2200008` (`idrumah2200008`, `alamatrumah2200008`, `type2200008`, `harga2200008`, `fasilitas2200008`) VALUES (NULL, \'Jl.Mutiara Sandi\', \'C\', \'35000000\', \'Kamar 1\')')
 3 SYSTEMPATH\Database\BaseBuilder.php(2340): CodeIgniter\Database\BaseConnection->query('INSERT INTO `rumah2200008` (`idrumah2200008`, `alamatrumah2200008`, `type2200008`, `harga2200008`, `fasilitas2200008`) VALUES (:idrumah2200008:, :alamatrumah2200008:, :type2200008:, :harga2200008:, :fasilitas2200008:)', [...], false)
 4 APPPATH\Models\ModelRumah.php(17): CodeIgniter\Database\BaseBuilder->insert([...])
 5 APPPATH\Controllers\Rumah.php(41): App\Models\ModelRumah->insertData([...])
 6 SYSTEMPATH\CodeIgniter.php(933): App\Controllers\Rumah->save()
 7 SYSTEMPATH\CodeIgniter.php(509): CodeIgniter\CodeIgniter->runController(Object(App\Controllers\Rumah))
 8 SYSTEMPATH\CodeIgniter.php(355): CodeIgniter\CodeIgniter->handleRequest(null, Object(Config\Cache), false)
 9 SYSTEMPATH\Boot.php(325): CodeIgniter\CodeIgniter->run()
10 SYSTEMPATH\Boot.php(67): CodeIgniter\Boot::runCodeIgniter(Object(CodeIgniter\CodeIgniter))
11 FCPATH\index.php(56): CodeIgniter\Boot::bootWeb(Object(Config\Paths))
12 SYSTEMPATH\rewrite.php(44): require_once('D:\\xammpp\\htdocs\\MBL\\public\\index.php')
CRITICAL - 2024-11-12 07:17:23 --> [Caused by] mysqli_sql_exception: Column 'idrumah2200008' cannot be null
in SYSTEMPATH\Database\MySQLi\Connection.php on line 312.
 1 SYSTEMPATH\Database\MySQLi\Connection.php(312): mysqli->query('INSERT INTO `rumah2200008` (`idrumah2200008`, `alamatrumah2200008`, `type2200008`, `harga2200008`, `fasilitas2200008`) VALUES (NULL, \'Jl.Mutiara Sandi\', \'C\', \'35000000\', \'Kamar 1\')', 0)
 2 SYSTEMPATH\Database\BaseConnection.php(734): CodeIgniter\Database\MySQLi\Connection->execute('INSERT INTO `rumah2200008` (`idrumah2200008`, `alamatrumah2200008`, `type2200008`, `harga2200008`, `fasilitas2200008`) VALUES (NULL, \'Jl.Mutiara Sandi\', \'C\', \'35000000\', \'Kamar 1\')')
 3 SYSTEMPATH\Database\BaseConnection.php(648): CodeIgniter\Database\BaseConnection->simpleQuery('INSERT INTO `rumah2200008` (`idrumah2200008`, `alamatrumah2200008`, `type2200008`, `harga2200008`, `fasilitas2200008`) VALUES (NULL, \'Jl.Mutiara Sandi\', \'C\', \'35000000\', \'Kamar 1\')')
 4 SYSTEMPATH\Database\BaseBuilder.php(2340): CodeIgniter\Database\BaseConnection->query('INSERT INTO `rumah2200008` (`idrumah2200008`, `alamatrumah2200008`, `type2200008`, `harga2200008`, `fasilitas2200008`) VALUES (:idrumah2200008:, :alamatrumah2200008:, :type2200008:, :harga2200008:, :fasilitas2200008:)', [...], false)
 5 APPPATH\Models\ModelRumah.php(17): CodeIgniter\Database\BaseBuilder->insert([...])
 6 APPPATH\Controllers\Rumah.php(41): App\Models\ModelRumah->insertData([...])
 7 SYSTEMPATH\CodeIgniter.php(933): App\Controllers\Rumah->save()
 8 SYSTEMPATH\CodeIgniter.php(509): CodeIgniter\CodeIgniter->runController(Object(App\Controllers\Rumah))
 9 SYSTEMPATH\CodeIgniter.php(355): CodeIgniter\CodeIgniter->handleRequest(null, Object(Config\Cache), false)
10 SYSTEMPATH\Boot.php(325): CodeIgniter\CodeIgniter->run()
11 SYSTEMPATH\Boot.php(67): CodeIgniter\Boot::runCodeIgniter(Object(CodeIgniter\CodeIgniter))
12 FCPATH\index.php(56): CodeIgniter\Boot::bootWeb(Object(Config\Paths))
13 SYSTEMPATH\rewrite.php(44): require_once('D:\\xammpp\\htdocs\\MBL\\public\\index.php')
INFO - 2024-11-12 07:17:25 --> Session: Class initialized using 'CodeIgniter\Session\Handlers\FileHandler' driver.
INFO - 2024-11-12 07:17:27 --> Session: Class initialized using 'CodeIgniter\Session\Handlers\FileHandler' driver.
INFO - 2024-11-12 07:17:42 --> Session: Class initialized using 'CodeIgniter\Session\Handlers\FileHandler' driver.
INFO - 2024-11-12 07:17:42 --> Session: Class initialized using 'CodeIgniter\Session\Handlers\FileHandler' driver.
INFO - 2024-11-12 07:17:53 --> Session: Class initialized using 'CodeIgniter\Session\Handlers\FileHandler' driver.
INFO - 2024-11-12 07:17:54 --> Session: Class initialized using 'CodeIgniter\Session\Handlers\FileHandler' driver.
INFO - 2024-11-12 07:18:06 --> Session: Class initialized using 'CodeIgniter\Session\Handlers\FileHandler' driver.
INFO - 2024-11-12 07:18:06 --> Session: Class initialized using 'CodeIgniter\Session\Handlers\FileHandler' driver.
INFO - 2024-11-12 07:18:37 --> Session: Class initialized using 'CodeIgniter\Session\Handlers\FileHandler' driver.
INFO - 2024-11-12 07:18:46 --> Session: Class initialized using 'CodeIgniter\Session\Handlers\FileHandler' driver.
INFO - 2024-11-12 07:18:46 --> Session: Class initialized using 'CodeIgniter\Session\Handlers\FileHandler' driver.
INFO - 2024-11-12 07:19:20 --> Session: Class initialized using 'CodeIgniter\Session\Handlers\FileHandler' driver.
INFO - 2024-11-12 07:19:56 --> Session: Class initialized using 'CodeIgniter\Session\Handlers\FileHandler' driver.
INFO - 2024-11-12 07:20:03 --> Session: Class initialized using 'CodeIgniter\Session\Handlers\FileHandler' driver.
INFO - 2024-11-12 07:22:06 --> Session: Class initialized using 'CodeIgniter\Session\Handlers\FileHandler' driver.
INFO - 2024-11-12 07:22:44 --> Session: Class initialized using 'CodeIgniter\Session\Handlers\FileHandler' driver.
INFO - 2024-11-12 07:22:51 --> Session: Class initialized using 'CodeIgniter\Session\Handlers\FileHandler' driver.
INFO - 2024-11-12 07:24:21 --> Session: Class initialized using 'CodeIgniter\Session\Handlers\FileHandler' driver.
INFO - 2024-11-12 07:25:43 --> Session: Class initialized using 'CodeIgniter\Session\Handlers\FileHandler' driver.
INFO - 2024-11-12 07:26:48 --> Session: Class initialized using 'CodeIgniter\Session\Handlers\FileHandler' driver.
INFO - 2024-11-12 07:27:39 --> Session: Class initialized using 'CodeIgniter\Session\Handlers\FileHandler' driver.
INFO - 2024-11-12 07:29:25 --> Session: Class initialized using 'CodeIgniter\Session\Handlers\FileHandler' driver.
INFO - 2024-11-12 07:30:39 --> Session: Class initialized using 'CodeIgniter\Session\Handlers\FileHandler' driver.
INFO - 2024-11-12 07:30:55 --> Session: Class initialized using 'CodeIgniter\Session\Handlers\FileHandler' driver.
INFO - 2024-11-12 07:31:20 --> Session: Class initialized using 'CodeIgniter\Session\Handlers\FileHandler' driver.
INFO - 2024-11-12 07:31:40 --> Session: Class initialized using 'CodeIgniter\Session\Handlers\FileHandler' driver.
INFO - 2024-11-12 07:31:48 --> Session: Class initialized using 'CodeIgniter\Session\Handlers\FileHandler' driver.
INFO - 2024-11-12 07:31:56 --> Session: Class initialized using 'CodeIgniter\Session\Handlers\FileHandler' driver.
ERROR - 2024-11-12 07:39:34 --> mysqli_sql_exception: Table 'db_barber.rumah2200008' doesn't exist in D:\xammpp\htdocs\MBL\system\Database\MySQLi\Connection.php:312
Stack trace:
#0 D:\xammpp\htdocs\MBL\system\Database\MySQLi\Connection.php(312): mysqli->query('SELECT *\nFROM `...', 0)
#1 D:\xammpp\htdocs\MBL\system\Database\BaseConnection.php(734): CodeIgniter\Database\MySQLi\Connection->execute('SELECT *\nFROM `...')
#2 D:\xammpp\htdocs\MBL\system\Database\BaseConnection.php(648): CodeIgniter\Database\BaseConnection->simpleQuery('SELECT *\nFROM `...')
#3 D:\xammpp\htdocs\MBL\system\Database\BaseBuilder.php(1644): CodeIgniter\Database\BaseConnection->query('SELECT *\nFROM `...', Array, false)
#4 D:\xammpp\htdocs\MBL\app\Models\ModelRumah.php(11): CodeIgniter\Database\BaseBuilder->get()
#5 D:\xammpp\htdocs\MBL\app\Controllers\Rumah.php(11): App\Models\ModelRumah->getRumah()
#6 D:\xammpp\htdocs\MBL\system\CodeIgniter.php(933): App\Controllers\Rumah->index()
#7 D:\xammpp\htdocs\MBL\system\CodeIgniter.php(509): CodeIgniter\CodeIgniter->runController(Object(App\Controllers\Rumah))
#8 D:\xammpp\htdocs\MBL\system\CodeIgniter.php(355): CodeIgniter\CodeIgniter->handleRequest(NULL, Object(Config\Cache), false)
#9 D:\xammpp\htdocs\MBL\system\Boot.php(325): CodeIgniter\CodeIgniter->run()
#10 D:\xammpp\htdocs\MBL\system\Boot.php(67): CodeIgniter\Boot::runCodeIgniter(Object(CodeIgniter\CodeIgniter))
#11 D:\xammpp\htdocs\MBL\public\index.php(56): CodeIgniter\Boot::bootWeb(Object(Config\Paths))
#12 D:\xammpp\htdocs\MBL\system\rewrite.php(44): require_once('D:\\xammpp\\htdoc...')
#13 {main}
CRITICAL - 2024-11-12 07:39:34 --> CodeIgniter\Database\Exceptions\DatabaseException: Table 'db_barber.rumah2200008' doesn't exist
[Method: GET, Route: rumah/index]
in SYSTEMPATH\Database\BaseConnection.php on line 688.
 1 SYSTEMPATH\Database\BaseBuilder.php(1644): CodeIgniter\Database\BaseConnection->query('SELECT *
FROM `rumah2200008`', [], false)
 2 APPPATH\Models\ModelRumah.php(11): CodeIgniter\Database\BaseBuilder->get()
 3 APPPATH\Controllers\Rumah.php(11): App\Models\ModelRumah->getRumah()
 4 SYSTEMPATH\CodeIgniter.php(933): App\Controllers\Rumah->index()
 5 SYSTEMPATH\CodeIgniter.php(509): CodeIgniter\CodeIgniter->runController(Object(App\Controllers\Rumah))
 6 SYSTEMPATH\CodeIgniter.php(355): CodeIgniter\CodeIgniter->handleRequest(null, Object(Config\Cache), false)
 7 SYSTEMPATH\Boot.php(325): CodeIgniter\CodeIgniter->run()
 8 SYSTEMPATH\Boot.php(67): CodeIgniter\Boot::runCodeIgniter(Object(CodeIgniter\CodeIgniter))
 9 FCPATH\index.php(56): CodeIgniter\Boot::bootWeb(Object(Config\Paths))
10 SYSTEMPATH\rewrite.php(44): require_once('D:\\xammpp\\htdocs\\MBL\\public\\index.php')
CRITICAL - 2024-11-12 07:39:34 --> [Caused by] CodeIgniter\Database\Exceptions\DatabaseException: Table 'db_barber.rumah2200008' doesn't exist
in SYSTEMPATH\Database\MySQLi\Connection.php on line 317.
 1 SYSTEMPATH\Database\BaseConnection.php(734): CodeIgniter\Database\MySQLi\Connection->execute('SELECT *
FROM `rumah2200008`')
 2 SYSTEMPATH\Database\BaseConnection.php(648): CodeIgniter\Database\BaseConnection->simpleQuery('SELECT *
FROM `rumah2200008`')
 3 SYSTEMPATH\Database\BaseBuilder.php(1644): CodeIgniter\Database\BaseConnection->query('SELECT *
FROM `rumah2200008`', [], false)
 4 APPPATH\Models\ModelRumah.php(11): CodeIgniter\Database\BaseBuilder->get()
 5 APPPATH\Controllers\Rumah.php(11): App\Models\ModelRumah->getRumah()
 6 SYSTEMPATH\CodeIgniter.php(933): App\Controllers\Rumah->index()
 7 SYSTEMPATH\CodeIgniter.php(509): CodeIgniter\CodeIgniter->runController(Object(App\Controllers\Rumah))
 8 SYSTEMPATH\CodeIgniter.php(355): CodeIgniter\CodeIgniter->handleRequest(null, Object(Config\Cache), false)
 9 SYSTEMPATH\Boot.php(325): CodeIgniter\CodeIgniter->run()
10 SYSTEMPATH\Boot.php(67): CodeIgniter\Boot::runCodeIgniter(Object(CodeIgniter\CodeIgniter))
11 FCPATH\index.php(56): CodeIgniter\Boot::bootWeb(Object(Config\Paths))
12 SYSTEMPATH\rewrite.php(44): require_once('D:\\xammpp\\htdocs\\MBL\\public\\index.php')
CRITICAL - 2024-11-12 07:39:34 --> [Caused by] mysqli_sql_exception: Table 'db_barber.rumah2200008' doesn't exist
in SYSTEMPATH\Database\MySQLi\Connection.php on line 312.
 1 SYSTEMPATH\Database\MySQLi\Connection.php(312): mysqli->query('SELECT *
FROM `rumah2200008`', 0)
 2 SYSTEMPATH\Database\BaseConnection.php(734): CodeIgniter\Database\MySQLi\Connection->execute('SELECT *
FROM `rumah2200008`')
 3 SYSTEMPATH\Database\BaseConnection.php(648): CodeIgniter\Database\BaseConnection->simpleQuery('SELECT *
FROM `rumah2200008`')
 4 SYSTEMPATH\Database\BaseBuilder.php(1644): CodeIgniter\Database\BaseConnection->query('SELECT *
FROM `rumah2200008`', [], false)
 5 APPPATH\Models\ModelRumah.php(11): CodeIgniter\Database\BaseBuilder->get()
 6 APPPATH\Controllers\Rumah.php(11): App\Models\ModelRumah->getRumah()
 7 SYSTEMPATH\CodeIgniter.php(933): App\Controllers\Rumah->index()
 8 SYSTEMPATH\CodeIgniter.php(509): CodeIgniter\CodeIgniter->runController(Object(App\Controllers\Rumah))
 9 SYSTEMPATH\CodeIgniter.php(355): CodeIgniter\CodeIgniter->handleRequest(null, Object(Config\Cache), false)
10 SYSTEMPATH\Boot.php(325): CodeIgniter\CodeIgniter->run()
11 SYSTEMPATH\Boot.php(67): CodeIgniter\Boot::runCodeIgniter(Object(CodeIgniter\CodeIgniter))
12 FCPATH\index.php(56): CodeIgniter\Boot::bootWeb(Object(Config\Paths))
13 SYSTEMPATH\rewrite.php(44): require_once('D:\\xammpp\\htdocs\\MBL\\public\\index.php')
ERROR - 2024-11-12 07:40:07 --> mysqli_sql_exception: Table 'db_barber.rumah2200008' doesn't exist in D:\xammpp\htdocs\MBL\system\Database\MySQLi\Connection.php:312
Stack trace:
#0 D:\xammpp\htdocs\MBL\system\Database\MySQLi\Connection.php(312): mysqli->query('SELECT *\nFROM `...', 0)
#1 D:\xammpp\htdocs\MBL\system\Database\BaseConnection.php(734): CodeIgniter\Database\MySQLi\Connection->execute('SELECT *\nFROM `...')
#2 D:\xammpp\htdocs\MBL\system\Database\BaseConnection.php(648): CodeIgniter\Database\BaseConnection->simpleQuery('SELECT *\nFROM `...')
#3 D:\xammpp\htdocs\MBL\system\Database\BaseBuilder.php(1644): CodeIgniter\Database\BaseConnection->query('SELECT *\nFROM `...', Array, false)
#4 D:\xammpp\htdocs\MBL\app\Models\ModelRumah.php(11): CodeIgniter\Database\BaseBuilder->get()
#5 D:\xammpp\htdocs\MBL\app\Controllers\Rumah.php(11): App\Models\ModelRumah->getRumah()
#6 D:\xammpp\htdocs\MBL\system\CodeIgniter.php(933): App\Controllers\Rumah->index()
#7 D:\xammpp\htdocs\MBL\system\CodeIgniter.php(509): CodeIgniter\CodeIgniter->runController(Object(App\Controllers\Rumah))
#8 D:\xammpp\htdocs\MBL\system\CodeIgniter.php(355): CodeIgniter\CodeIgniter->handleRequest(NULL, Object(Config\Cache), false)
#9 D:\xammpp\htdocs\MBL\system\Boot.php(325): CodeIgniter\CodeIgniter->run()
#10 D:\xammpp\htdocs\MBL\system\Boot.php(67): CodeIgniter\Boot::runCodeIgniter(Object(CodeIgniter\CodeIgniter))
#11 D:\xammpp\htdocs\MBL\public\index.php(56): CodeIgniter\Boot::bootWeb(Object(Config\Paths))
#12 D:\xammpp\htdocs\MBL\system\rewrite.php(44): require_once('D:\\xammpp\\htdoc...')
#13 {main}
CRITICAL - 2024-11-12 07:40:07 --> CodeIgniter\Database\Exceptions\DatabaseException: Table 'db_barber.rumah2200008' doesn't exist
[Method: GET, Route: rumah/index]
in SYSTEMPATH\Database\BaseConnection.php on line 688.
 1 SYSTEMPATH\Database\BaseBuilder.php(1644): CodeIgniter\Database\BaseConnection->query('SELECT *
FROM `rumah2200008`', [], false)
 2 APPPATH\Models\ModelRumah.php(11): CodeIgniter\Database\BaseBuilder->get()
 3 APPPATH\Controllers\Rumah.php(11): App\Models\ModelRumah->getRumah()
 4 SYSTEMPATH\CodeIgniter.php(933): App\Controllers\Rumah->index()
 5 SYSTEMPATH\CodeIgniter.php(509): CodeIgniter\CodeIgniter->runController(Object(App\Controllers\Rumah))
 6 SYSTEMPATH\CodeIgniter.php(355): CodeIgniter\CodeIgniter->handleRequest(null, Object(Config\Cache), false)
 7 SYSTEMPATH\Boot.php(325): CodeIgniter\CodeIgniter->run()
 8 SYSTEMPATH\Boot.php(67): CodeIgniter\Boot::runCodeIgniter(Object(CodeIgniter\CodeIgniter))
 9 FCPATH\index.php(56): CodeIgniter\Boot::bootWeb(Object(Config\Paths))
10 SYSTEMPATH\rewrite.php(44): require_once('D:\\xammpp\\htdocs\\MBL\\public\\index.php')
CRITICAL - 2024-11-12 07:40:07 --> [Caused by] CodeIgniter\Database\Exceptions\DatabaseException: Table 'db_barber.rumah2200008' doesn't exist
in SYSTEMPATH\Database\MySQLi\Connection.php on line 317.
 1 SYSTEMPATH\Database\BaseConnection.php(734): CodeIgniter\Database\MySQLi\Connection->execute('SELECT *
FROM `rumah2200008`')
 2 SYSTEMPATH\Database\BaseConnection.php(648): CodeIgniter\Database\BaseConnection->simpleQuery('SELECT *
FROM `rumah2200008`')
 3 SYSTEMPATH\Database\BaseBuilder.php(1644): CodeIgniter\Database\BaseConnection->query('SELECT *
FROM `rumah2200008`', [], false)
 4 APPPATH\Models\ModelRumah.php(11): CodeIgniter\Database\BaseBuilder->get()
 5 APPPATH\Controllers\Rumah.php(11): App\Models\ModelRumah->getRumah()
 6 SYSTEMPATH\CodeIgniter.php(933): App\Controllers\Rumah->index()
 7 SYSTEMPATH\CodeIgniter.php(509): CodeIgniter\CodeIgniter->runController(Object(App\Controllers\Rumah))
 8 SYSTEMPATH\CodeIgniter.php(355): CodeIgniter\CodeIgniter->handleRequest(null, Object(Config\Cache), false)
 9 SYSTEMPATH\Boot.php(325): CodeIgniter\CodeIgniter->run()
10 SYSTEMPATH\Boot.php(67): CodeIgniter\Boot::runCodeIgniter(Object(CodeIgniter\CodeIgniter))
11 FCPATH\index.php(56): CodeIgniter\Boot::bootWeb(Object(Config\Paths))
12 SYSTEMPATH\rewrite.php(44): require_once('D:\\xammpp\\htdocs\\MBL\\public\\index.php')
CRITICAL - 2024-11-12 07:40:07 --> [Caused by] mysqli_sql_exception: Table 'db_barber.rumah2200008' doesn't exist
in SYSTEMPATH\Database\MySQLi\Connection.php on line 312.
 1 SYSTEMPATH\Database\MySQLi\Connection.php(312): mysqli->query('SELECT *
FROM `rumah2200008`', 0)
 2 SYSTEMPATH\Database\BaseConnection.php(734): CodeIgniter\Database\MySQLi\Connection->execute('SELECT *
FROM `rumah2200008`')
 3 SYSTEMPATH\Database\BaseConnection.php(648): CodeIgniter\Database\BaseConnection->simpleQuery('SELECT *
FROM `rumah2200008`')
 4 SYSTEMPATH\Database\BaseBuilder.php(1644): CodeIgniter\Database\BaseConnection->query('SELECT *
FROM `rumah2200008`', [], false)
 5 APPPATH\Models\ModelRumah.php(11): CodeIgniter\Database\BaseBuilder->get()
 6 APPPATH\Controllers\Rumah.php(11): App\Models\ModelRumah->getRumah()
 7 SYSTEMPATH\CodeIgniter.php(933): App\Controllers\Rumah->index()
 8 SYSTEMPATH\CodeIgniter.php(509): CodeIgniter\CodeIgniter->runController(Object(App\Controllers\Rumah))
 9 SYSTEMPATH\CodeIgniter.php(355): CodeIgniter\CodeIgniter->handleRequest(null, Object(Config\Cache), false)
10 SYSTEMPATH\Boot.php(325): CodeIgniter\CodeIgniter->run()
11 SYSTEMPATH\Boot.php(67): CodeIgniter\Boot::runCodeIgniter(Object(CodeIgniter\CodeIgniter))
12 FCPATH\index.php(56): CodeIgniter\Boot::bootWeb(Object(Config\Paths))
13 SYSTEMPATH\rewrite.php(44): require_once('D:\\xammpp\\htdocs\\MBL\\public\\index.php')
INFO - 2024-11-12 07:40:20 --> Session: Class initialized using 'CodeIgniter\Session\Handlers\FileHandler' driver.
INFO - 2024-11-12 07:41:08 --> Session: Class initialized using 'CodeIgniter\Session\Handlers\FileHandler' driver.
INFO - 2024-11-12 07:41:10 --> Session: Class initialized using 'CodeIgniter\Session\Handlers\FileHandler' driver.
INFO - 2024-11-12 07:41:12 --> Session: Class initialized using 'CodeIgniter\Session\Handlers\FileHandler' driver.
INFO - 2024-11-12 07:41:13 --> Session: Class initialized using 'CodeIgniter\Session\Handlers\FileHandler' driver.
